<?xml version="1.0" encoding="UTF-8"?>
<testng-results skipped="0" failed="0" total="1" passed="1">
  <reporter-output>
  </reporter-output>
  <suite name="Default suite" duration-ms="5260" started-at="2016-02-29T22:39:18Z" finished-at="2016-02-29T22:39:23Z">
    <groups>
    </groups>
    <test name="Default test" duration-ms="5260" started-at="2016-02-29T22:39:18Z" finished-at="2016-02-29T22:39:23Z">
      <class name="org.mikala.testqwondo.jpa.TestqwondoJpaUsersTests">
        <test-method status="PASS" signature="springTestContextBeforeTestClass()[pri:0, instance:org.mikala.testqwondo.jpa.TestqwondoJpaUsersTests@710726a3]" name="springTestContextBeforeTestClass" is-config="true" duration-ms="17" started-at="2016-02-29T23:39:18Z" finished-at="2016-02-29T23:39:18Z">
          <reporter-output>
          </reporter-output>
        </test-method> <!-- springTestContextBeforeTestClass -->
        <test-method status="PASS" signature="springTestContextPrepareTestInstance()[pri:0, instance:org.mikala.testqwondo.jpa.TestqwondoJpaUsersTests@710726a3]" name="springTestContextPrepareTestInstance" is-config="true" duration-ms="4475" started-at="2016-02-29T23:39:18Z" depends-on-methods="org.springframework.test.context.testng.AbstractTestNGSpringContextTests.springTestContextBeforeTestClass" finished-at="2016-02-29T23:39:22Z">
          <reporter-output>
          </reporter-output>
        </test-method> <!-- springTestContextPrepareTestInstance -->
        <test-method status="PASS" signature="springTestContextBeforeTestMethod(java.lang.reflect.Method)[pri:0, instance:org.mikala.testqwondo.jpa.TestqwondoJpaUsersTests@710726a3]" name="springTestContextBeforeTestMethod" is-config="true" duration-ms="2" started-at="2016-02-29T23:39:22Z" finished-at="2016-02-29T23:39:22Z">
          <params>
            <param index="0">
              <value>
                <![CDATA[public void org.mikala.testqwondo.jpa.TestqwondoJpaUsersTests.testHome() throws java.lang.Exception]]>
              </value>
            </param>
          </params>
          <reporter-output>
          </reporter-output>
        </test-method> <!-- springTestContextBeforeTestMethod -->
        <test-method status="PASS" signature="testHome()[pri:0, instance:org.mikala.testqwondo.jpa.TestqwondoJpaUsersTests@710726a3]" name="testHome" duration-ms="749" started-at="2016-02-29T23:39:22Z" finished-at="2016-02-29T23:39:23Z">
          <reporter-output>
          </reporter-output>
        </test-method> <!-- testHome -->
        <test-method status="PASS" signature="springTestContextAfterTestMethod(java.lang.reflect.Method)[pri:0, instance:org.mikala.testqwondo.jpa.TestqwondoJpaUsersTests@710726a3]" name="springTestContextAfterTestMethod" is-config="true" duration-ms="1" started-at="2016-02-29T23:39:23Z" finished-at="2016-02-29T23:39:23Z">
          <params>
            <param index="0">
              <value>
                <![CDATA[public void org.mikala.testqwondo.jpa.TestqwondoJpaUsersTests.testHome() throws java.lang.Exception]]>
              </value>
            </param>
          </params>
          <reporter-output>
          </reporter-output>
        </test-method> <!-- springTestContextAfterTestMethod -->
        <test-method status="PASS" signature="springTestContextAfterTestClass()[pri:0, instance:org.mikala.testqwondo.jpa.TestqwondoJpaUsersTests@710726a3]" name="springTestContextAfterTestClass" is-config="true" duration-ms="1" started-at="2016-02-29T23:39:23Z" finished-at="2016-02-29T23:39:23Z">
          <reporter-output>
          </reporter-output>
        </test-method> <!-- springTestContextAfterTestClass -->
      </class> <!-- org.mikala.testqwondo.jpa.TestqwondoJpaUsersTests -->
    </test> <!-- Default test -->
  </suite> <!-- Default suite -->
</testng-results>
