<?xml version="1.0" encoding="UTF-8"?>
<testng-results skipped="0" failed="0" total="1" passed="1">
  <reporter-output>
  </reporter-output>
  <suite name="Default suite" duration-ms="4805" started-at="2016-02-29T22:42:01Z" finished-at="2016-02-29T22:42:06Z">
    <groups>
    </groups>
    <test name="Default test" duration-ms="4805" started-at="2016-02-29T22:42:01Z" finished-at="2016-02-29T22:42:06Z">
      <class name="org.mikala.testqwondo.tests.JpaTests">
        <test-method status="PASS" signature="springTestContextBeforeTestClass()[pri:0, instance:org.mikala.testqwondo.tests.JpaTests@710726a3]" name="springTestContextBeforeTestClass" is-config="true" duration-ms="18" started-at="2016-02-29T23:42:01Z" finished-at="2016-02-29T23:42:01Z">
          <reporter-output>
          </reporter-output>
        </test-method> <!-- springTestContextBeforeTestClass -->
        <test-method status="PASS" signature="springTestContextPrepareTestInstance()[pri:0, instance:org.mikala.testqwondo.tests.JpaTests@710726a3]" name="springTestContextPrepareTestInstance" is-config="true" duration-ms="4457" started-at="2016-02-29T23:42:01Z" depends-on-methods="org.springframework.test.context.testng.AbstractTestNGSpringContextTests.springTestContextBeforeTestClass" finished-at="2016-02-29T23:42:05Z">
          <reporter-output>
          </reporter-output>
        </test-method> <!-- springTestContextPrepareTestInstance -->
        <test-method status="PASS" signature="springTestContextBeforeTestMethod(java.lang.reflect.Method)[pri:0, instance:org.mikala.testqwondo.tests.JpaTests@710726a3]" name="springTestContextBeforeTestMethod" is-config="true" duration-ms="1" started-at="2016-02-29T23:42:05Z" finished-at="2016-02-29T23:42:05Z">
          <params>
            <param index="0">
              <value>
                <![CDATA[public void org.mikala.testqwondo.tests.JpaTests.testHome() throws java.lang.Exception]]>
              </value>
            </param>
          </params>
          <reporter-output>
          </reporter-output>
        </test-method> <!-- springTestContextBeforeTestMethod -->
        <test-method status="PASS" signature="testHome()[pri:0, instance:org.mikala.testqwondo.tests.JpaTests@710726a3]" name="testHome" duration-ms="310" started-at="2016-02-29T23:42:05Z" finished-at="2016-02-29T23:42:06Z">
          <reporter-output>
          </reporter-output>
        </test-method> <!-- testHome -->
        <test-method status="PASS" signature="springTestContextAfterTestMethod(java.lang.reflect.Method)[pri:0, instance:org.mikala.testqwondo.tests.JpaTests@710726a3]" name="springTestContextAfterTestMethod" is-config="true" duration-ms="1" started-at="2016-02-29T23:42:06Z" finished-at="2016-02-29T23:42:06Z">
          <params>
            <param index="0">
              <value>
                <![CDATA[public void org.mikala.testqwondo.tests.JpaTests.testHome() throws java.lang.Exception]]>
              </value>
            </param>
          </params>
          <reporter-output>
          </reporter-output>
        </test-method> <!-- springTestContextAfterTestMethod -->
        <test-method status="PASS" signature="springTestContextAfterTestClass()[pri:0, instance:org.mikala.testqwondo.tests.JpaTests@710726a3]" name="springTestContextAfterTestClass" is-config="true" duration-ms="0" started-at="2016-02-29T23:42:06Z" finished-at="2016-02-29T23:42:06Z">
          <reporter-output>
          </reporter-output>
        </test-method> <!-- springTestContextAfterTestClass -->
      </class> <!-- org.mikala.testqwondo.tests.JpaTests -->
    </test> <!-- Default test -->
  </suite> <!-- Default suite -->
</testng-results>
